<?xml version="1.0" encoding="UTF-8"?>
<!-- Generated by org.testng.reporters.JUnitReportReporter -->
<testsuite hostname="DESKTOP-MEJQHUP" failures="0" tests="2" name="Academy.HomePage" time="17.612" errors="0" timestamp="2021-06-10T11:51:26 IST" skipped="0">
  <testcase classname="Academy.HomePage" name="basePageNavigation" time="5.609"/>
  <system-out/>
  <testcase classname="Academy.HomePage" name="basePageNavigation" time="12.003"/>
  <system-out/>
</testsuite> <!-- Academy.HomePage -->
