<?xml version="1.0" encoding="UTF-8"?>
<!-- Generated by org.testng.reporters.JUnitReportReporter -->
<testsuite hostname="DESKTOP-MEJQHUP" failures="0" tests="2" name="Academy.HomePage" time="26.295" errors="0" timestamp="2021-06-10T14:57:28 IST" skipped="0">
  <testcase classname="Academy.HomePage" name="basePageNavigation" time="6.665"/>
  <system-out/>
  <testcase classname="Academy.HomePage" name="basePageNavigation" time="19.630"/>
  <system-out/>
</testsuite> <!-- Academy.HomePage -->
