<?xml version="1.0" encoding="UTF-8"?>
<!-- Generated by org.testng.reporters.JUnitReportReporter -->
<testsuite hostname="DESKTOP-MEJQHUP" failures="0" tests="2" name="Academy.HomePage" time="14.200" errors="0" timestamp="2021-06-01T15:18:54 IST" skipped="0">
  <testcase classname="Academy.HomePage" name="basePageNavigation" time="5.950"/>
  <system-out/>
  <testcase classname="Academy.HomePage" name="basePageNavigation" time="8.250"/>
  <system-out/>
</testsuite> <!-- Academy.HomePage -->
