<?xml version="1.0" encoding="UTF-8"?>
<!-- Generated by org.testng.reporters.JUnitReportReporter -->
<testsuite hostname="DESKTOP-MEJQHUP" failures="0" tests="1" name="Academy.validateNavigationBar" time="0.181" errors="0" timestamp="2021-06-10T11:51:26 IST" skipped="0">
  <testcase classname="Academy.validateNavigationBar" name="validateAppNavBar" time="0.181"/>
  <system-out/>
</testsuite> <!-- Academy.validateNavigationBar -->
