<?xml version="1.0" encoding="UTF-8"?>
<!-- Generated by org.testng.reporters.JUnitReportReporter -->
<testsuite hostname="DESKTOP-MEJQHUP" failures="0" tests="1" name="Academy.validateNavigationBar" time="0.226" errors="0" timestamp="1 Jun 2021 09:40:08 GMT">
  <testcase classname="Academy.validateNavigationBar" name="validateAppNavBar" time="0.226"/>
</testsuite> <!-- Academy.validateNavigationBar -->
