<?xml version="1.0" encoding="UTF-8"?>
<!-- Generated by org.testng.reporters.JUnitReportReporter -->
<testsuite hostname="DESKTOP-MEJQHUP" failures="0" tests="2" name="Academy.HomePage" time="16.909" errors="0" timestamp="1 Jun 2021 09:40:08 GMT">
  <testcase classname="Academy.HomePage" name="basePageNavigation" time="11.701"/>
  <testcase classname="Academy.HomePage" name="basePageNavigation" time="5.208"/>
</testsuite> <!-- Academy.HomePage -->
